# JRE version: Java(TM) SE Runtime Environment (26.0+35) (build 26+35-2893)
# Java VM: Java HotSpot(TM) 64-Bit Server VM (26+35-2893, mixed mode, sharing, tiered, compressed oops, compressed class ptrs, parallel gc, windows-amd64)
GC Precious Log:
 CardTable entry size: 512
 CPUs: 4 total, 4 available
 Memory: 8027M
 Large Page Support: Disabled
 NUMA Support: Disabled
 Compressed Oops: Enabled (32-bit)
 Alignments: Space 512K, Heap 2M
 Heap Min Capacity: 100M
 Heap Initial Capacity: 100M
 Heap Max Capacity: 2G
 Pre-touch: Disabled
 Parallel Workers: 4
Heap:
 PSYoungGen      total 92160K, used 8941K [0x00000000d5580000, 0x00000000dc880000, 0x0000000100000000)
  eden space 66560K, 8% used [0x00000000d8780000,0x00000000d8cb8fb0,0x00000000dc880000)
  from space 25600K, 14% used [0x00000000d5580000,0x00000000d5902480,0x00000000d6e80000)
  to   space 25600K, 0% used [0x00000000d6e80000,0x00000000d6e80000,0x00000000d8780000)
 ParOldGen       total 283648K, used 283162K [0x0000000080000000, 0x0000000091500000, 0x00000000d5580000)
  object space 283648K, 99% used [0x0000000080000000,0x0000000091486bb0,0x0000000091500000)
GC Heap Usage History (20 events):
Event: 32016.345 {heap Before GC invocations=825 (full 5):
 PSYoungGen      total 92160K, used 68430K [0x00000000d5580000, 0x00000000dc880000, 0x0000000100000000)
  eden space 66560K, 100% used [0x00000000d8780000,0x00000000dc880000,0x00000000dc880000)
  from space 25600K, 7% used [0x00000000d5580000,0x00000000d5753b60,0x00000000d6e80000)
  to   space 25600K, 0% used [0x00000000d6e80000,0x00000000d6e80000,0x00000000d8780000)
 ParOldGen       total 283136K, used 282627K [0x0000000080000000, 0x0000000091480000, 0x00000000d5580000)
  object space 283136K, 99% used [0x0000000080000000,0x0000000091400e58,0x0000000091480000)
}
Event: 32016.352 {heap After GC invocations=825 (full 5):
 PSYoungGen      total 92160K, used 3891K [0x00000000d5580000, 0x00000000dc880000, 0x0000000100000000)
  eden space 66560K, 0% used [0x00000000d8780000,0x00000000d8780000,0x00000000dc880000)
  from space 25600K, 15% used [0x00000000d6e80000,0x00000000d724cd90,0x00000000d8780000)
  to   space 25600K, 0% used [0x00000000d5580000,0x00000000d5580000,0x00000000d6e80000)
 ParOldGen       total 283136K, used 282683K [0x0000000080000000, 0x0000000091480000, 0x00000000d5580000)
  object space 283136K, 99% used [0x0000000080000000,0x000000009140eef8,0x0000000091480000)
}
Event: 32027.988 {heap Before GC invocations=826 (full 5):
 PSYoungGen      total 92160K, used 70451K [0x00000000d5580000, 0x00000000dc880000, 0x0000000100000000)
  eden space 66560K, 100% used [0x00000000d8780000,0x00000000dc880000,0x00000000dc880000)
  from space 25600K, 15% used [0x00000000d6e80000,0x00000000d724cd90,0x00000000d8780000)
  to   space 25600K, 0% used [0x00000000d5580000,0x00000000d5580000,0x00000000d6e80000)
 ParOldGen       total 283136K, used 282683K [0x0000000080000000, 0x0000000091480000, 0x00000000d5580000)
  object space 283136K, 99% used [0x0000000080000000,0x000000009140eef8,0x0000000091480000)
}
Event: 32028.001 {heap After GC invocations=826 (full 5):
 PSYoungGen      total 92160K, used 6737K [0x00000000d5580000, 0x00000000dc880000, 0x0000000100000000)
  eden space 66560K, 0% used [0x00000000d8780000,0x00000000d8780000,0x00000000dc880000)
  from space 25600K, 26% used [0x00000000d5580000,0x00000000d5c14450,0x00000000d6e80000)
  to   space 25600K, 0% used [0x00000000d6e80000,0x00000000d6e80000,0x00000000d8780000)
 ParOldGen       total 283136K, used 282731K [0x0000000080000000, 0x0000000091480000, 0x00000000d5580000)
  object space 283136K, 99% used [0x0000000080000000,0x000000009141aef8,0x0000000091480000)
}
Event: 32081.275 {heap Before GC invocations=827 (full 5):
 PSYoungGen      total 92160K, used 73297K [0x00000000d5580000, 0x00000000dc880000, 0x0000000100000000)
  eden space 66560K, 100% used [0x00000000d8780000,0x00000000dc880000,0x00000000dc880000)
  from space 25600K, 26% used [0x00000000d5580000,0x00000000d5c14450,0x00000000d6e80000)
  to   space 25600K, 0% used [0x00000000d6e80000,0x00000000d6e80000,0x00000000d8780000)
 ParOldGen       total 283136K, used 282731K [0x0000000080000000, 0x0000000091480000, 0x00000000d5580000)
  object space 283136K, 99% used [0x0000000080000000,0x000000009141aef8,0x0000000091480000)
}
Event: 32081.284 {heap After GC invocations=827 (full 5):
 PSYoungGen      total 92160K, used 4237K [0x00000000d5580000, 0x00000000dc880000, 0x0000000100000000)
  eden space 66560K, 0% used [0x00000000d8780000,0x00000000d8780000,0x00000000dc880000)
  from space 25600K, 16% used [0x00000000d6e80000,0x00000000d72a36b0,0x00000000d8780000)
  to   space 25600K, 0% used [0x00000000d5580000,0x00000000d5580000,0x00000000d6e80000)
 ParOldGen       total 283136K, used 282827K [0x0000000080000000, 0x0000000091480000, 0x00000000d5580000)
  object space 283136K, 99% used [0x0000000080000000,0x0000000091432f18,0x0000000091480000)
}
Event: 32235.166 {heap Before GC invocations=828 (full 5):
 PSYoungGen      total 92160K, used 70797K [0x00000000d5580000, 0x00000000dc880000, 0x0000000100000000)
  eden space 66560K, 100% used [0x00000000d8780000,0x00000000dc880000,0x00000000dc880000)
  from space 25600K, 16% used [0x00000000d6e80000,0x00000000d72a36b0,0x00000000d8780000)
  to   space 25600K, 0% used [0x00000000d5580000,0x00000000d5580000,0x00000000d6e80000)
 ParOldGen       total 283136K, used 282827K [0x0000000080000000, 0x0000000091480000, 0x00000000d5580000)
  object space 283136K, 99% used [0x0000000080000000,0x0000000091432f18,0x0000000091480000)
}
Event: 32235.186 {heap After GC invocations=828 (full 5):
 PSYoungGen      total 92160K, used 1748K [0x00000000d5580000, 0x00000000dc880000, 0x0000000100000000)
  eden space 66560K, 0% used [0x00000000d8780000,0x00000000d8780000,0x00000000dc880000)
  from space 25600K, 6% used [0x00000000d5580000,0x00000000d5735260,0x00000000d6e80000)
  to   space 25600K, 0% used [0x00000000d6e80000,0x00000000d6e80000,0x00000000d8780000)
 ParOldGen       total 283136K, used 282946K [0x0000000080000000, 0x0000000091480000, 0x00000000d5580000)
  object space 283136K, 99% used [0x0000000080000000,0x0000000091450b80,0x0000000091480000)
}
Event: 32409.036 {heap Before GC invocations=829 (full 5):
 PSYoungGen      total 92160K, used 68308K [0x00000000d5580000, 0x00000000dc880000, 0x0000000100000000)
  eden space 66560K, 100% used [0x00000000d8780000,0x00000000dc880000,0x00000000dc880000)
  from space 25600K, 6% used [0x00000000d5580000,0x00000000d5735260,0x00000000d6e80000)
  to   space 25600K, 0% used [0x00000000d6e80000,0x00000000d6e80000,0x00000000d8780000)
 ParOldGen       total 283136K, used 282946K [0x0000000080000000, 0x0000000091480000, 0x00000000d5580000)
  object space 283136K, 99% used [0x0000000080000000,0x0000000091450b80,0x0000000091480000)
}
Event: 32409.043 {heap After GC invocations=829 (full 5):
 PSYoungGen      total 92160K, used 1998K [0x00000000d5580000, 0x00000000dc880000, 0x0000000100000000)
  eden space 66560K, 0% used [0x00000000d8780000,0x00000000d8780000,0x00000000dc880000)
  from space 25600K, 7% used [0x00000000d6e80000,0x00000000d7073b60,0x00000000d8780000)
  to   space 25600K, 0% used [0x00000000d5580000,0x00000000d5580000,0x00000000d6e80000)
 ParOldGen       total 283136K, used 283002K [0x0000000080000000, 0x0000000091480000, 0x00000000d5580000)
  object space 283136K, 99% used [0x0000000080000000,0x000000009145eba0,0x0000000091480000)
}
Event: 32413.699 {heap Before GC invocations=830 (full 5):
 PSYoungGen      total 92160K, used 68558K [0x00000000d5580000, 0x00000000dc880000, 0x0000000100000000)
  eden space 66560K, 100% used [0x00000000d8780000,0x00000000dc880000,0x00000000dc880000)
  from space 25600K, 7% used [0x00000000d6e80000,0x00000000d7073b60,0x00000000d8780000)
  to   space 25600K, 0% used [0x00000000d5580000,0x00000000d5580000,0x00000000d6e80000)
 ParOldGen       total 283136K, used 283002K [0x0000000080000000, 0x0000000091480000, 0x00000000d5580000)
  object space 283136K, 99% used [0x0000000080000000,0x000000009145eba0,0x0000000091480000)
}
Event: 32413.711 {heap After GC invocations=830 (full 5):
 PSYoungGen      total 92160K, used 4317K [0x00000000d5580000, 0x00000000dc880000, 0x0000000100000000)
  eden space 66560K, 0% used [0x00000000d8780000,0x00000000d8780000,0x00000000dc880000)
  from space 25600K, 16% used [0x00000000d5580000,0x00000000d59b76e0,0x00000000d6e80000)
  to   space 25600K, 0% used [0x00000000d6e80000,0x00000000d6e80000,0x00000000d8780000)
 ParOldGen       total 283136K, used 283018K [0x0000000080000000, 0x0000000091480000, 0x00000000d5580000)
  object space 283136K, 99% used [0x0000000080000000,0x0000000091462ba0,0x0000000091480000)
}
Event: 32415.490 {heap Before GC invocations=831 (full 5):
 PSYoungGen      total 92160K, used 70877K [0x00000000d5580000, 0x00000000dc880000, 0x0000000100000000)
  eden space 66560K, 100% used [0x00000000d8780000,0x00000000dc880000,0x00000000dc880000)
  from space 25600K, 16% used [0x00000000d5580000,0x00000000d59b76e0,0x00000000d6e80000)
  to   space 25600K, 0% used [0x00000000d6e80000,0x00000000d6e80000,0x00000000d8780000)
 ParOldGen       total 283136K, used 283018K [0x0000000080000000, 0x0000000091480000, 0x00000000d5580000)
  object space 283136K, 99% used [0x0000000080000000,0x0000000091462ba0,0x0000000091480000)
}
Event: 32415.500 {heap After GC invocations=831 (full 5):
 PSYoungGen      total 92160K, used 3997K [0x00000000d5580000, 0x00000000dc880000, 0x0000000100000000)
  eden space 66560K, 0% used [0x00000000d8780000,0x00000000d8780000,0x00000000dc880000)
  from space 25600K, 15% used [0x00000000d6e80000,0x00000000d72676c0,0x00000000d8780000)
  to   space 25600K, 0% used [0x00000000d5580000,0x00000000d5580000,0x00000000d6e80000)
 ParOldGen       total 283136K, used 283050K [0x0000000080000000, 0x0000000091480000, 0x00000000d5580000)
  object space 283136K, 99% used [0x0000000080000000,0x000000009146aba0,0x0000000091480000)
}
Event: 32421.858 {heap Before GC invocations=832 (full 5):
 PSYoungGen      total 92160K, used 70557K [0x00000000d5580000, 0x00000000dc880000, 0x0000000100000000)
  eden space 66560K, 100% used [0x00000000d8780000,0x00000000dc880000,0x00000000dc880000)
  from space 25600K, 15% used [0x00000000d6e80000,0x00000000d72676c0,0x00000000d8780000)
  to   space 25600K, 0% used [0x00000000d5580000,0x00000000d5580000,0x00000000d6e80000)
 ParOldGen       total 283136K, used 283050K [0x0000000080000000, 0x0000000091480000, 0x00000000d5580000)
  object space 283136K, 99% used [0x0000000080000000,0x000000009146aba0,0x0000000091480000)
}
Event: 32421.865 {heap After GC invocations=832 (full 5):
 PSYoungGen      total 92160K, used 4621K [0x00000000d5580000, 0x00000000dc880000, 0x0000000100000000)
  eden space 66560K, 0% used [0x00000000d8780000,0x00000000d8780000,0x00000000dc880000)
  from space 25600K, 18% used [0x00000000d5580000,0x00000000d5a036d0,0x00000000d6e80000)
  to   space 25600K, 0% used [0x00000000d6e80000,0x00000000d6e80000,0x00000000d8780000)
 ParOldGen       total 283136K, used 283074K [0x0000000080000000, 0x0000000091480000, 0x00000000d5580000)
  object space 283136K, 99% used [0x0000000080000000,0x0000000091470ba0,0x0000000091480000)
}
Event: 32424.667 {heap Before GC invocations=833 (full 5):
 PSYoungGen      total 92160K, used 71181K [0x00000000d5580000, 0x00000000dc880000, 0x0000000100000000)
  eden space 66560K, 100% used [0x00000000d8780000,0x00000000dc880000,0x00000000dc880000)
  from space 25600K, 18% used [0x00000000d5580000,0x00000000d5a036d0,0x00000000d6e80000)
  to   space 25600K, 0% used [0x00000000d6e80000,0x00000000d6e80000,0x00000000d8780000)
 ParOldGen       total 283136K, used 283074K [0x0000000080000000, 0x0000000091480000, 0x00000000d5580000)
  object space 283136K, 99% used [0x0000000080000000,0x0000000091470ba0,0x0000000091480000)
}
Event: 32424.677 {heap After GC invocations=833 (full 5):
 PSYoungGen      total 92160K, used 6016K [0x00000000d5580000, 0x00000000dc880000, 0x0000000100000000)
  eden space 66560K, 0% used [0x00000000d8780000,0x00000000d8780000,0x00000000dc880000)
  from space 25600K, 23% used [0x00000000d6e80000,0x00000000d7460090,0x00000000d8780000)
  to   space 25600K, 0% used [0x00000000d5580000,0x00000000d5580000,0x00000000d6e80000)
 ParOldGen       total 283136K, used 283122K [0x0000000080000000, 0x0000000091480000, 0x00000000d5580000)
  object space 283136K, 99% used [0x0000000080000000,0x000000009147cbb0,0x0000000091480000)
}
Event: 32623.999 {heap Before GC invocations=834 (full 5):
 PSYoungGen      total 92160K, used 72576K [0x00000000d5580000, 0x00000000dc880000, 0x0000000100000000)
  eden space 66560K, 100% used [0x00000000d8780000,0x00000000dc880000,0x00000000dc880000)
  from space 25600K, 23% used [0x00000000d6e80000,0x00000000d7460090,0x00000000d8780000)
  to   space 25600K, 0% used [0x00000000d5580000,0x00000000d5580000,0x00000000d6e80000)
 ParOldGen       total 283136K, used 283122K [0x0000000080000000, 0x0000000091480000, 0x00000000d5580000)
  object space 283136K, 99% used [0x0000000080000000,0x000000009147cbb0,0x0000000091480000)
}
Event: 32624.188 {heap After GC invocations=834 (full 5):
 PSYoungGen      total 92160K, used 3593K [0x00000000d5580000, 0x00000000dc880000, 0x0000000100000000)
  eden space 66560K, 0% used [0x00000000d8780000,0x00000000d8780000,0x00000000dc880000)
  from space 25600K, 14% used [0x00000000d5580000,0x00000000d5902480,0x00000000d6e80000)
  to   space 25600K, 0% used [0x00000000d6e80000,0x00000000d6e80000,0x00000000d8780000)
 ParOldGen       total 283648K, used 283162K [0x0000000080000000, 0x0000000091500000, 0x00000000d5580000)
  object space 283648K, 99% used [0x0000000080000000,0x0000000091486bb0,0x0000000091500000)
}

